TN:
SF:script/deploy/Deploy.s.sol
DA:8,0
FN:8,DeployScript.run
FNDA:0,DeployScript.run
DA:10,0
BRDA:10,0,0,-
DA:11,0
DA:14,0
DA:15,0
DA:17,0
DA:18,0
DA:20,0
DA:22,0
DA:23,0
FNF:1
FNH:0
LF:10
LH:0
BRF:1
BRH:0
end_of_record
TN:
SF:src/ArtToken.sol
DA:68,1002
FN:68,ArtToken.updateFee
FNDA:1002,ArtToken.updateFee
DA:69,1001
DA:73,2
FN:73,ArtToken.withdraw
FNDA:2,ArtToken.withdraw
DA:74,1
DA:75,1
DA:84,18179
FN:84,ArtToken.createRandomArtWork
FNDA:18179,ArtToken.createRandomArtWork
DA:85,18179
BRDA:85,0,0,1
DA:86,18178
DA:91,1002
FN:91,ArtToken.levelUp
FNDA:1002,ArtToken.levelUp
DA:92,1002
BRDA:92,1,0,1
DA:93,1001
DA:94,1001
DA:98,2
FN:98,ArtToken.infoSmartContract
FNDA:2,ArtToken.infoSmartContract
DA:99,2
DA:100,2
DA:101,2
DA:105,1002
FN:105,ArtToken.getArtWorks
FNDA:1002,ArtToken.getArtWorks
DA:106,1002
DA:111,4
FN:111,ArtToken.getOwnerArtWork
FNDA:4,ArtToken.getOwnerArtWork
DA:112,4
DA:113,4
DA:114,4
DA:115,8
BRDA:115,2,0,4
DA:116,4
DA:117,4
DA:120,4
DA:129,18178
FN:129,ArtToken._createArtWork
FNDA:18178,ArtToken._createArtWork
DA:130,18178
DA:131,18178
DA:132,18178
DA:133,18178
DA:134,18178
DA:135,18178
DA:136,18178
DA:141,36356
FN:141,ArtToken._createRandomNum
FNDA:36356,ArtToken._createRandomNum
DA:143,36356
DA:144,36356
DA:145,36356
FNF:9
FNH:9
LF:38
LH:38
BRF:3
BRH:3
end_of_record
TN:
SF:test/ArtToken.invariants.t.sol
DA:12,1
FN:12,Handler.constructor
FNDA:1,Handler.constructor
DA:13,1
DA:15,1
DA:16,1
DA:19,3855
FN:19,Handler.createArt
FNDA:3855,Handler.createArt
DA:20,3855
DA:24,3855
DA:26,3855
DA:27,3855
DA:28,3855
DA:32,0
FN:32,Handler.onERC721Received
FNDA:0,Handler.onERC721Received
DA:38,0
FNF:3
FNH:2
LF:12
LH:10
BRF:0
BRH:0
end_of_record
