TN:
SF:script/deploy/Deploy.s.sol
DA:8,0
FN:8,DeployScript.run
FNDA:0,DeployScript.run
DA:10,0
BRDA:10,0,0,-
DA:11,0
DA:15,0
DA:17,0
DA:18,0
DA:20,0
DA:22,0
DA:23,0
FNF:1
FNH:0
LF:9
LH:0
BRF:1
BRH:0
end_of_record
TN:
SF:src/ArtToken.sol
DA:70,1002
FN:70,ArtToken.updateFee
FNDA:1002,ArtToken.updateFee
DA:71,1001
DA:75,2
FN:75,ArtToken.withdraw
FNDA:2,ArtToken.withdraw
DA:76,1
DA:77,1
DA:80,1
DA:81,1
BRDA:81,0,0,0
DA:90,18364
FN:90,ArtToken.createRandomArtWork
FNDA:18364,ArtToken.createRandomArtWork
DA:91,18364
BRDA:91,1,0,1
DA:92,18363
DA:97,1002
FN:97,ArtToken.levelUp
FNDA:1002,ArtToken.levelUp
DA:98,1002
BRDA:98,2,0,1
DA:99,1001
DA:100,1001
DA:104,2
FN:104,ArtToken.infoSmartContract
FNDA:2,ArtToken.infoSmartContract
DA:105,2
DA:106,2
DA:107,2
DA:111,1002
FN:111,ArtToken.getArtWorks
FNDA:1002,ArtToken.getArtWorks
DA:112,1002
DA:117,4
FN:117,ArtToken.getOwnerArtWork
FNDA:4,ArtToken.getOwnerArtWork
DA:118,4
DA:119,4
DA:121,4
DA:122,8
BRDA:122,3,0,4
DA:123,4
DA:124,4
DA:127,4
DA:136,18363
FN:136,ArtToken._createArtWork
FNDA:18363,ArtToken._createArtWork
DA:137,18363
DA:138,18363
DA:140,18363
DA:141,18363
DA:142,18363
DA:145,18363
DA:148,18363
DA:149,18363
DA:154,36726
FN:154,ArtToken._createRandomNum
FNDA:36726,ArtToken._createRandomNum
DA:157,36726
DA:158,36726
DA:159,36726
FNF:9
FNH:9
LF:41
LH:41
BRF:4
BRH:3
end_of_record
TN:
SF:test/ArtToken.invariants.t.sol
DA:12,1
FN:12,Handler.constructor
FNDA:1,Handler.constructor
DA:13,1
DA:15,1
DA:16,1
DA:19,3855
FN:19,Handler.createArt
FNDA:3855,Handler.createArt
DA:20,3855
DA:24,3855
DA:26,3855
DA:27,3855
DA:28,3855
DA:32,0
FN:32,Handler.onERC721Received
FNDA:0,Handler.onERC721Received
DA:38,0
FNF:3
FNH:2
LF:12
LH:10
BRF:0
BRH:0
end_of_record
